# JRE version: Java(TM) SE Runtime Environment (8.0_191-b12) (build 1.8.0_191-b12)
# Java VM: Java HotSpot(TM) Client VM (25.191-b12 mixed mode windows-x86 )
Heap:
 def new generation   total 99520K, used 34484K [0x04c00000, 0x0b7f0000, 0x0f6a0000)
  eden space 88512K,  38% used [0x04c00000, 0x06dad060, 0x0a270000)
  from space 11008K,   0% used [0x0a270000, 0x0a270000, 0x0ad30000)
  to   space 11008K,   0% used [0x0ad30000, 0x0ad30000, 0x0b7f0000)
 tenured generation   total 220912K, used 132546K [0x0f6a0000, 0x1ce5c000, 0x24c00000)
   the space 220912K,  59% used [0x0f6a0000, 0x17810a20, 0x17810c00, 0x1ce5c000)
 Metaspace       used 22020K, capacity 22579K, committed 22656K, reserved 22912K
GC Heap History (10 events):
Event: 4099.120 GC heap before
{Heap before GC invocations=22 (full 3):
 def new generation   total 75712K, used 74526K [0x04c00000, 0x09e20000, 0x0f6a0000)
  eden space 67328K,  99% used [0x04c00000, 0x08d2f860, 0x08dc0000)
  from space 8384K,  92% used [0x08dc0000, 0x095582d0, 0x095f0000)
  to   space 8384K,   0% used [0x095f0000, 0x095f0000, 0x09e20000)
 tenured generation   total 168104K, used 112395K [0x0f6a0000, 0x19aca000, 0x24c00000)
   the space 168104K,  66% used [0x0f6a0000, 0x16462f28, 0x16463000, 0x19aca000)
 Metaspace       used 22022K, capacity 22581K, committed 22656K, reserved 22912K
Event: 4099.138 GC heap after
Heap after GC invocations=23 (full 3):
 def new generation   total 75712K, used 6240K [0x04c00000, 0x09e20000, 0x0f6a0000)
  eden space 67328K,   0% used [0x04c00000, 0x04c00000, 0x08dc0000)
  from space 8384K,  74% used [0x095f0000, 0x09c08308, 0x09e20000)
  to   space 8384K,   0% used [0x08dc0000, 0x08dc0000, 0x095f0000)
 tenured generation   total 168104K, used 120383K [0x0f6a0000, 0x19aca000, 0x24c00000)
   the space 168104K,  71% used [0x0f6a0000, 0x16c2fea0, 0x16c30000, 0x19aca000)
 Metaspace       used 22022K, capacity 22581K, committed 22656K, reserved 22912K
}
Event: 4099.680 GC heap before
{Heap before GC invocations=23 (full 3):
 def new generation   total 75712K, used 71453K [0x04c00000, 0x09e20000, 0x0f6a0000)
  eden space 67328K,  96% used [0x04c00000, 0x08baf4a8, 0x08dc0000)
  from space 8384K,  74% used [0x095f0000, 0x09c08308, 0x09e20000)
  to   space 8384K,   0% used [0x08dc0000, 0x08dc0000, 0x095f0000)
 tenured generation   total 168104K, used 120383K [0x0f6a0000, 0x19aca000, 0x24c00000)
   the space 168104K,  71% used [0x0f6a0000, 0x16c2fea0, 0x16c30000, 0x19aca000)
 Metaspace       used 22022K, capacity 22581K, committed 22656K, reserved 22912K
Event: 4099.697 GC heap after
Heap after GC invocations=24 (full 3):
 def new generation   total 75712K, used 6413K [0x04c00000, 0x09e20000, 0x0f6a0000)
  eden space 67328K,   0% used [0x04c00000, 0x04c00000, 0x08dc0000)
  from space 8384K,  76% used [0x08dc0000, 0x094034e8, 0x095f0000)
  to   space 8384K,   0% used [0x095f0000, 0x095f0000, 0x09e20000)
 tenured generation   total 168104K, used 129098K [0x0f6a0000, 0x19aca000, 0x24c00000)
   the space 168104K,  76% used [0x0f6a0000, 0x174b2868, 0x174b2a00, 0x19aca000)
 Metaspace       used 22022K, capacity 22581K, committed 22656K, reserved 22912K
}
Event: 4100.479 GC heap before
{Heap before GC invocations=24 (full 3):
 def new generation   total 75712K, used 72300K [0x04c00000, 0x09e20000, 0x0f6a0000)
  eden space 67328K,  97% used [0x04c00000, 0x08c57d60, 0x08dc0000)
  from space 8384K,  76% used [0x08dc0000, 0x094034e8, 0x095f0000)
  to   space 8384K,   0% used [0x095f0000, 0x095f0000, 0x09e20000)
 tenured generation   total 168104K, used 129098K [0x0f6a0000, 0x19aca000, 0x24c00000)
   the space 168104K,  76% used [0x0f6a0000, 0x174b2868, 0x174b2a00, 0x19aca000)
 Metaspace       used 22022K, capacity 22581K, committed 22656K, reserved 22912K
Event: 4100.511 GC heap after
Heap after GC invocations=25 (full 3):
 def new generation   total 75712K, used 6680K [0x04c00000, 0x09e20000, 0x0f6a0000)
  eden space 67328K,   0% used [0x04c00000, 0x04c00000, 0x08dc0000)
  from space 8384K,  79% used [0x095f0000, 0x09c762a0, 0x09e20000)
  to   space 8384K,   0% used [0x08dc0000, 0x08dc0000, 0x095f0000)
 tenured generation   total 168104K, used 143878K [0x0f6a0000, 0x19aca000, 0x24c00000)
   the space 168104K,  85% used [0x0f6a0000, 0x18321b20, 0x18321c00, 0x19aca000)
 Metaspace       used 22022K, capacity 22581K, committed 22656K, reserved 22912K
}
Event: 4101.141 GC heap before
{Heap before GC invocations=25 (full 3):
 def new generation   total 75712K, used 72076K [0x04c00000, 0x09e20000, 0x0f6a0000)
  eden space 67328K,  97% used [0x04c00000, 0x08bdd008, 0x08dc0000)
  from space 8384K,  79% used [0x095f0000, 0x09c762a0, 0x09e20000)
  to   space 8384K,   0% used [0x08dc0000, 0x08dc0000, 0x095f0000)
 tenured generation   total 168104K, used 143878K [0x0f6a0000, 0x19aca000, 0x24c00000)
   the space 168104K,  85% used [0x0f6a0000, 0x18321b20, 0x18321c00, 0x19aca000)
 Metaspace       used 22022K, capacity 22581K, committed 22656K, reserved 22912K
Event: 4101.191 GC heap after
Heap after GC invocations=26 (full 3):
 def new generation   total 75712K, used 7822K [0x04c00000, 0x09e20000, 0x0f6a0000)
  eden space 67328K,   0% used [0x04c00000, 0x04c00000, 0x08dc0000)
  from space 8384K,  93% used [0x08dc0000, 0x09563908, 0x095f0000)
  to   space 8384K,   0% used [0x095f0000, 0x095f0000, 0x09e20000)
 tenured generation   total 168104K, used 163026K [0x0f6a0000, 0x19aca000, 0x24c00000)
   the space 168104K,  96% used [0x0f6a0000, 0x195d4828, 0x195d4a00, 0x19aca000)
 Metaspace       used 22022K, capacity 22581K, committed 22656K, reserved 22912K
}
Event: 4101.898 GC heap before
{Heap before GC invocations=26 (full 3):
 def new generation   total 75712K, used 73756K [0x04c00000, 0x09e20000, 0x0f6a0000)
  eden space 67328K,  97% used [0x04c00000, 0x08c63ac0, 0x08dc0000)
  from space 8384K,  93% used [0x08dc0000, 0x09563908, 0x095f0000)
  to   space 8384K,   0% used [0x095f0000, 0x095f0000, 0x09e20000)
 tenured generation   total 168104K, used 163026K [0x0f6a0000, 0x19aca000, 0x24c00000)
   the space 168104K,  96% used [0x0f6a0000, 0x195d4828, 0x195d4a00, 0x19aca000)
 Metaspace       used 22022K, capacity 22581K, committed 22656K, reserved 22912K
Event: 4102.425 GC heap after
Heap after GC invocations=27 (full 4):
 def new generation   total 99520K, used 0K [0x04c00000, 0x0b7f0000, 0x0f6a0000)
  eden space 88512K,   0% used [0x04c00000, 0x04c00000, 0x0a270000)
  from space 11008K,   0% used [0x0a270000, 0x0a270000, 0x0ad30000)
  to   space 11008K,   0% used [0x0ad30000, 0x0ad30000, 0x0b7f0000)
 tenured generation   total 220912K, used 132546K [0x0f6a0000, 0x1ce5c000, 0x24c00000)
   the space 220912K,  59% used [0x0f6a0000, 0x17810a20, 0x17810c00, 0x1ce5c000)
 Metaspace       used 22020K, capacity 22579K, committed 22656K, reserved 22912K
}

