# JRE version: Java(TM) SE Runtime Environment (8.0_191-b12) (build 1.8.0_191-b12)
# Java VM: Java HotSpot(TM) Client VM (25.191-b12 mixed mode windows-x86 )
Heap:
 def new generation   total 157248K, used 13501K [0x04a00000, 0x0f4a0000, 0x0f4a0000)
  eden space 139776K,   9% used [0x04a00000, 0x0572f7e0, 0x0d280000)
  from space 17472K,   0% used [0x0d280000, 0x0d280000, 0x0e390000)
  to   space 17472K,   0% used [0x0e390000, 0x0e390000, 0x0f4a0000)
 tenured generation   total 349568K, used 224083K [0x0f4a0000, 0x24a00000, 0x24a00000)
   the space 349568K,  64% used [0x0f4a0000, 0x1cf74f88, 0x1cf75000, 0x24a00000)
 Metaspace       used 23285K, capacity 23922K, committed 24064K, reserved 24960K
GC Heap History (10 events):
Event: 280104.464 GC heap before
{Heap before GC invocations=95 (full 6):
 def new generation   total 128448K, used 118872K [0x04a00000, 0x0d550000, 0x0f4a0000)
  eden space 114240K,  99% used [0x04a00000, 0x0b87fe70, 0x0b990000)
  from space 14208K,  40% used [0x0c770000, 0x0cd06390, 0x0d550000)
  to   space 14208K,   0% used [0x0b990000, 0x0b990000, 0x0c770000)
 tenured generation   total 285212K, used 215395K [0x0f4a0000, 0x20b27000, 0x24a00000)
   the space 285212K,  75% used [0x0f4a0000, 0x1c6f8e28, 0x1c6f9000, 0x20b27000)
 Metaspace       used 23291K, capacity 23930K, committed 24064K, reserved 24960K
Event: 280104.524 GC heap after
Heap after GC invocations=96 (full 6):
 def new generation   total 128448K, used 13032K [0x04a00000, 0x0d550000, 0x0f4a0000)
  eden space 114240K,   0% used [0x04a00000, 0x04a00000, 0x0b990000)
  from space 14208K,  91% used [0x0b990000, 0x0c64a3a0, 0x0c770000)
  to   space 14208K,   0% used [0x0c770000, 0x0c770000, 0x0d550000)
 tenured generation   total 285212K, used 215395K [0x0f4a0000, 0x20b27000, 0x24a00000)
   the space 285212K,  75% used [0x0f4a0000, 0x1c6f8e28, 0x1c6f9000, 0x20b27000)
 Metaspace       used 23291K, capacity 23930K, committed 24064K, reserved 24960K
}
Event: 280105.203 GC heap before
{Heap before GC invocations=96 (full 6):
 def new generation   total 128448K, used 127095K [0x04a00000, 0x0d550000, 0x0f4a0000)
  eden space 114240K,  99% used [0x04a00000, 0x0b963908, 0x0b990000)
  from space 14208K,  91% used [0x0b990000, 0x0c64a3a0, 0x0c770000)
  to   space 14208K,   0% used [0x0c770000, 0x0c770000, 0x0d550000)
 tenured generation   total 285212K, used 215395K [0x0f4a0000, 0x20b27000, 0x24a00000)
   the space 285212K,  75% used [0x0f4a0000, 0x1c6f8e28, 0x1c6f9000, 0x20b27000)
 Metaspace       used 23291K, capacity 23930K, committed 24064K, reserved 24960K
Event: 280105.357 GC heap after
Heap after GC invocations=97 (full 6):
 def new generation   total 128448K, used 10229K [0x04a00000, 0x0d550000, 0x0f4a0000)
  eden space 114240K,   0% used [0x04a00000, 0x04a00000, 0x0b990000)
  from space 14208K,  72% used [0x0c770000, 0x0d16d710, 0x0d550000)
  to   space 14208K,   0% used [0x0b990000, 0x0b990000, 0x0c770000)
 tenured generation   total 285212K, used 225047K [0x0f4a0000, 0x20b27000, 0x24a00000)
   the space 285212K,  78% used [0x0f4a0000, 0x1d065f48, 0x1d066000, 0x20b27000)
 Metaspace       used 23291K, capacity 23930K, committed 24064K, reserved 24960K
}
Event: 280106.643 GC heap before
{Heap before GC invocations=97 (full 6):
 def new generation   total 128448K, used 123330K [0x04a00000, 0x0d550000, 0x0f4a0000)
  eden space 114240K,  99% used [0x04a00000, 0x0b873140, 0x0b990000)
  from space 14208K,  72% used [0x0c770000, 0x0d16d710, 0x0d550000)
  to   space 14208K,   0% used [0x0b990000, 0x0b990000, 0x0c770000)
 tenured generation   total 285212K, used 225047K [0x0f4a0000, 0x20b27000, 0x24a00000)
   the space 285212K,  78% used [0x0f4a0000, 0x1d065f48, 0x1d066000, 0x20b27000)
 Metaspace       used 23291K, capacity 23930K, committed 24064K, reserved 24960K
Event: 280106.781 GC heap after
Heap after GC invocations=98 (full 6):
 def new generation   total 128448K, used 11688K [0x04a00000, 0x0d550000, 0x0f4a0000)
  eden space 114240K,   0% used [0x04a00000, 0x04a00000, 0x0b990000)
  from space 14208K,  82% used [0x0b990000, 0x0c4fa338, 0x0c770000)
  to   space 14208K,   0% used [0x0c770000, 0x0c770000, 0x0d550000)
 tenured generation   total 285212K, used 240506K [0x0f4a0000, 0x20b27000, 0x24a00000)
   the space 285212K,  84% used [0x0f4a0000, 0x1df7e9a0, 0x1df7ea00, 0x20b27000)
 Metaspace       used 23291K, capacity 23930K, committed 24064K, reserved 24960K
}
Event: 280108.882 GC heap before
{Heap before GC invocations=98 (full 6):
 def new generation   total 128448K, used 123861K [0x04a00000, 0x0d550000, 0x0f4a0000)
  eden space 114240K,  98% used [0x04a00000, 0x0b78b438, 0x0b990000)
  from space 14208K,  82% used [0x0b990000, 0x0c4fa338, 0x0c770000)
  to   space 14208K,   0% used [0x0c770000, 0x0c770000, 0x0d550000)
 tenured generation   total 285212K, used 240506K [0x0f4a0000, 0x20b27000, 0x24a00000)
   the space 285212K,  84% used [0x0f4a0000, 0x1df7e9a0, 0x1df7ea00, 0x20b27000)
 Metaspace       used 23291K, capacity 23930K, committed 24064K, reserved 24960K
Event: 280109.284 GC heap after
Heap after GC invocations=99 (full 6):
 def new generation   total 128448K, used 11914K [0x04a00000, 0x0d550000, 0x0f4a0000)
  eden space 114240K,   0% used [0x04a00000, 0x04a00000, 0x0b990000)
  from space 14208K,  83% used [0x0c770000, 0x0d312aa0, 0x0d550000)
  to   space 14208K,   0% used [0x0b990000, 0x0b990000, 0x0c770000)
 tenured generation   total 285212K, used 261082K [0x0f4a0000, 0x20b27000, 0x24a00000)
   the space 285212K,  91% used [0x0f4a0000, 0x1f396aa8, 0x1f396c00, 0x20b27000)
 Metaspace       used 23291K, capacity 23930K, committed 24064K, reserved 24960K
}
Event: 280110.084 GC heap before
{Heap before GC invocations=99 (full 6):
 def new generation   total 128448K, used 122948K [0x04a00000, 0x0d550000, 0x0f4a0000)
  eden space 114240K,  97% used [0x04a00000, 0x0b66e778, 0x0b990000)
  from space 14208K,  83% used [0x0c770000, 0x0d312aa0, 0x0d550000)
  to   space 14208K,   0% used [0x0b990000, 0x0b990000, 0x0c770000)
 tenured generation   total 285212K, used 261082K [0x0f4a0000, 0x20b27000, 0x24a00000)
   the space 285212K,  91% used [0x0f4a0000, 0x1f396aa8, 0x1f396c00, 0x20b27000)
 Metaspace       used 23291K, capacity 23930K, committed 24064K, reserved 24960K
Event: 280113.040 GC heap after
Heap after GC invocations=100 (full 7):
 def new generation   total 157248K, used 0K [0x04a00000, 0x0f4a0000, 0x0f4a0000)
  eden space 139776K,   0% used [0x04a00000, 0x04a00000, 0x0d280000)
  from space 17472K,   0% used [0x0d280000, 0x0d280000, 0x0e390000)
  to   space 17472K,   0% used [0x0e390000, 0x0e390000, 0x0f4a0000)
 tenured generation   total 349568K, used 224083K [0x0f4a0000, 0x24a00000, 0x24a00000)
   the space 349568K,  64% used [0x0f4a0000, 0x1cf74f88, 0x1cf75000, 0x24a00000)
 Metaspace       used 23285K, capacity 23922K, committed 24064K, reserved 24960K
}

