# JRE version: Java(TM) SE Runtime Environment (8.0_191-b12) (build 1.8.0_191-b12)
# Java VM: Java HotSpot(TM) Client VM (25.191-b12 mixed mode windows-x86 )
Heap:
 def new generation   total 92224K, used 20320K [0x04600000, 0x0aa10000, 0x0f0a0000)
  eden space 81984K,  24% used [0x04600000, 0x059d8190, 0x09610000)
  from space 10240K,   0% used [0x09610000, 0x09610000, 0x0a010000)
  to   space 10240K,   0% used [0x0a010000, 0x0a010000, 0x0aa10000)
 tenured generation   total 204796K, used 122876K [0x0f0a0000, 0x1b89f000, 0x24600000)
   the space 204796K,  59% used [0x0f0a0000, 0x1689f230, 0x1689f400, 0x1b89f000)
 Metaspace       used 22291K, capacity 22817K, committed 23040K, reserved 23936K
GC Heap History (10 events):
Event: 64987.648 GC heap before
{Heap before GC invocations=36 (full 3):
 def new generation   total 79872K, used 75404K [0x04600000, 0x09ca0000, 0x0f0a0000)
  eden space 71040K,  99% used [0x04600000, 0x08b084d8, 0x08b60000)
  from space 8832K,  53% used [0x08b60000, 0x08ffadf0, 0x09400000)
  to   space 8832K,   0% used [0x09400000, 0x09400000, 0x09ca0000)
 tenured generation   total 177288K, used 139726K [0x0f0a0000, 0x19dc2000, 0x24600000)
   the space 177288K,  78% used [0x0f0a0000, 0x17913ab8, 0x17913c00, 0x19dc2000)
 Metaspace       used 22293K, capacity 22820K, committed 23040K, reserved 23936K
Event: 64988.107 GC heap after
Heap after GC invocations=37 (full 3):
 def new generation   total 79872K, used 5337K [0x04600000, 0x09ca0000, 0x0f0a0000)
  eden space 71040K,   0% used [0x04600000, 0x04600000, 0x08b60000)
  from space 8832K,  60% used [0x09400000, 0x099365f0, 0x09ca0000)
  to   space 8832K,   0% used [0x08b60000, 0x08b60000, 0x09400000)
 tenured generation   total 177288K, used 146449K [0x0f0a0000, 0x19dc2000, 0x24600000)
   the space 177288K,  82% used [0x0f0a0000, 0x17fa4640, 0x17fa4800, 0x19dc2000)
 Metaspace       used 22293K, capacity 22820K, committed 23040K, reserved 23936K
}
Event: 64989.068 GC heap before
{Heap before GC invocations=37 (full 3):
 def new generation   total 79872K, used 74217K [0x04600000, 0x09ca0000, 0x0f0a0000)
  eden space 71040K,  96% used [0x04600000, 0x08943e60, 0x08b60000)
  from space 8832K,  60% used [0x09400000, 0x099365f0, 0x09ca0000)
  to   space 8832K,   0% used [0x08b60000, 0x08b60000, 0x09400000)
 tenured generation   total 177288K, used 146449K [0x0f0a0000, 0x19dc2000, 0x24600000)
   the space 177288K,  82% used [0x0f0a0000, 0x17fa4640, 0x17fa4800, 0x19dc2000)
 Metaspace       used 22293K, capacity 22820K, committed 23040K, reserved 23936K
Event: 64989.305 GC heap after
Heap after GC invocations=38 (full 3):
 def new generation   total 79872K, used 6050K [0x04600000, 0x09ca0000, 0x0f0a0000)
  eden space 71040K,   0% used [0x04600000, 0x04600000, 0x08b60000)
  from space 8832K,  68% used [0x08b60000, 0x091488a0, 0x09400000)
  to   space 8832K,   0% used [0x09400000, 0x09400000, 0x09ca0000)
 tenured generation   total 177288K, used 153896K [0x0f0a0000, 0x19dc2000, 0x24600000)
   the space 177288K,  86% used [0x0f0a0000, 0x186ea2d8, 0x186ea400, 0x19dc2000)
 Metaspace       used 22293K, capacity 22820K, committed 23040K, reserved 23936K
}
Event: 64990.545 GC heap before
{Heap before GC invocations=38 (full 3):
 def new generation   total 79872K, used 76537K [0x04600000, 0x09ca0000, 0x0f0a0000)
  eden space 71040K,  99% used [0x04600000, 0x08ad5d48, 0x08b60000)
  from space 8832K,  68% used [0x08b60000, 0x091488a0, 0x09400000)
  to   space 8832K,   0% used [0x09400000, 0x09400000, 0x09ca0000)
 tenured generation   total 177288K, used 153896K [0x0f0a0000, 0x19dc2000, 0x24600000)
   the space 177288K,  86% used [0x0f0a0000, 0x186ea2d8, 0x186ea400, 0x19dc2000)
 Metaspace       used 22293K, capacity 22820K, committed 23040K, reserved 23936K
Event: 64990.826 GC heap after
Heap after GC invocations=39 (full 3):
 def new generation   total 79872K, used 7295K [0x04600000, 0x09ca0000, 0x0f0a0000)
  eden space 71040K,   0% used [0x04600000, 0x04600000, 0x08b60000)
  from space 8832K,  82% used [0x09400000, 0x09b1fc28, 0x09ca0000)
  to   space 8832K,   0% used [0x08b60000, 0x08b60000, 0x09400000)
 tenured generation   total 177288K, used 164191K [0x0f0a0000, 0x19dc2000, 0x24600000)
   the space 177288K,  92% used [0x0f0a0000, 0x190f7cc8, 0x190f7e00, 0x19dc2000)
 Metaspace       used 22293K, capacity 22820K, committed 23040K, reserved 23936K
}
Event: 64991.960 GC heap before
{Heap before GC invocations=39 (full 3):
 def new generation   total 79872K, used 77547K [0x04600000, 0x09ca0000, 0x0f0a0000)
  eden space 71040K,  98% used [0x04600000, 0x08a9b060, 0x08b60000)
  from space 8832K,  82% used [0x09400000, 0x09b1fc28, 0x09ca0000)
  to   space 8832K,   0% used [0x08b60000, 0x08b60000, 0x09400000)
 tenured generation   total 177288K, used 164191K [0x0f0a0000, 0x19dc2000, 0x24600000)
   the space 177288K,  92% used [0x0f0a0000, 0x190f7cc8, 0x190f7e00, 0x19dc2000)
 Metaspace       used 22293K, capacity 22820K, committed 23040K, reserved 23936K
Event: 64992.396 GC heap after
Heap after GC invocations=40 (full 3):
 def new generation   total 79872K, used 6904K [0x04600000, 0x09ca0000, 0x0f0a0000)
  eden space 71040K,   0% used [0x04600000, 0x04600000, 0x08b60000)
  from space 8832K,  78% used [0x08b60000, 0x0921e300, 0x09400000)
  to   space 8832K,   0% used [0x09400000, 0x09400000, 0x09ca0000)
 tenured generation   total 177288K, used 176345K [0x0f0a0000, 0x19dc2000, 0x24600000)
   the space 177288K,  99% used [0x0f0a0000, 0x19cd6508, 0x19cd6600, 0x19dc2000)
 Metaspace       used 22293K, capacity 22820K, committed 23040K, reserved 23936K
}
Event: 64993.190 GC heap before
{Heap before GC invocations=40 (full 3):
 def new generation   total 79872K, used 68968K [0x04600000, 0x09ca0000, 0x0f0a0000)
  eden space 71040K,  87% used [0x04600000, 0x0829bdb0, 0x08b60000)
  from space 8832K,  78% used [0x08b60000, 0x0921e300, 0x09400000)
  to   space 8832K,   0% used [0x09400000, 0x09400000, 0x09ca0000)
 tenured generation   total 177288K, used 176345K [0x0f0a0000, 0x19dc2000, 0x24600000)
   the space 177288K,  99% used [0x0f0a0000, 0x19cd6508, 0x19cd6600, 0x19dc2000)
 Metaspace       used 22293K, capacity 22820K, committed 23040K, reserved 23936K
Event: 64997.825 GC heap after
Heap after GC invocations=41 (full 4):
 def new generation   total 92224K, used 0K [0x04600000, 0x0aa10000, 0x0f0a0000)
  eden space 81984K,   0% used [0x04600000, 0x04600000, 0x09610000)
  from space 10240K,   0% used [0x09610000, 0x09610000, 0x0a010000)
  to   space 10240K,   0% used [0x0a010000, 0x0a010000, 0x0aa10000)
 tenured generation   total 204796K, used 122876K [0x0f0a0000, 0x1b89f000, 0x24600000)
   the space 204796K,  59% used [0x0f0a0000, 0x1689f230, 0x1689f400, 0x1b89f000)
 Metaspace       used 22291K, capacity 22817K, committed 23040K, reserved 23936K
}

